<?xml version="1.0" encoding="UTF-8"?>
<testng-results ignored="0" total="1" passed="1" failed="0" skipped="0">
  <reporter-output>
  </reporter-output>
  <suite started-at="2023-03-10T12:59:02 IST" name="Default suite" finished-at="2023-03-10T12:59:03 IST" duration-ms="62">
    <groups>
    </groups>
    <test started-at="2023-03-10T12:59:02 IST" name="Default test" finished-at="2023-03-10T12:59:03 IST" duration-ms="62">
      <class name="hrms.New">
        <test-method signature="main()[pri:0, instance:hrms.New@63a12c68]" started-at="2023-03-10T12:59:03 IST" name="main" finished-at="2023-03-10T12:59:03 IST" duration-ms="10" status="PASS">
          <reporter-output>
          </reporter-output>
        </test-method> <!-- main -->
      </class> <!-- hrms.New -->
    </test> <!-- Default test -->
  </suite> <!-- Default suite -->
</testng-results>
